<?xml version="1.0" encoding="UTF-8"?>
<!-- Generated by org.testng.reporters.JUnitXMLReporter -->
<testsuite hostname="VENKAT" ignored="0" name="Test" tests="1" failures="0" timestamp="28 Sep 2017 20:38:12 GMT" time="0.054" errors="0">
  <testcase name="@BeforeMethod openApplication" time="0.0" classname="com.PHPTravels.generic.BaseTest">
    <failure type="org.testng.TestNGException" message="
Parameter &amp;apos;node&amp;apos; is required by BeforeMethod on method openApplication but has not been marked @Optional or defined
in C:\Users\lenovo\Desktop\BTM PROJECT\PHPTravels\testng.xml">
      <![CDATA[org.testng.TestNGException: 
Parameter 'node' is required by BeforeMethod on method openApplication but has not been marked @Optional or defined
in C:\Users\lenovo\Desktop\BTM PROJECT\PHPTravels\testng.xml
... Removed 25 stack frames]]>
    </failure>
  </testcase> <!-- @BeforeMethod openApplication -->
  <testcase name="@AfterMethod closeApplication" time="0.0" classname="com.PHPTravels.generic.BaseTest">
    <skipped/>
  </testcase> <!-- @AfterMethod closeApplication -->
  <testcase name="testValidLogin" time="0.001" classname="com.PHPTravels.script.Login.ValidLogin">
    <skipped/>
  </testcase> <!-- testValidLogin -->
</testsuite> <!-- Test -->
