<?xml version="1.0" encoding="UTF-8"?>
<!-- Generated by org.testng.reporters.JUnitXMLReporter -->
<testsuite hostname="VENKAT" name="TestChrome" tests="3" failures="1" timestamp="21 Oct 2017 09:57:37 GMT" time="302.736" errors="0">
  <testcase name="@AfterMethod closeApplication" time="0.0" classname="com.PHPTravels.script.Accounts.Customers.CreateCustomerUser">
    <failure type="org.openqa.selenium.WebDriverException" message="chrome not reachable
  (Session info: chrome=61.0.3163.100)
  (Driver info: chromedriver=2.31.488763 (092de99f48a300323ecf8c2a4e2e7cab51de5ba8),platform=Windows NT 10.0.15063 x86_64) (WARNING: The server did not provide any stacktrace information)
Command duration or timeout: 2.02 seconds
Build info: version: &amp;apos;2.53.0&amp;apos;, revision: &amp;apos;35ae25b&amp;apos;, time: &amp;apos;2016-03-15 17:01:03&amp;apos;
System info: host: &amp;apos;VENKAT&amp;apos;, ip: &amp;apos;192.168.115.1&amp;apos;, os.name: &amp;apos;Windows 10&amp;apos;, os.arch: &amp;apos;amd64&amp;apos;, os.version: &amp;apos;10.0&amp;apos;, java.version: &amp;apos;1.8.0_111&amp;apos;
Driver info: org.openqa.selenium.remote.RemoteWebDriver
Capabilities [{applicationCacheEnabled=false, rotatable=false, mobileEmulationEnabled=false, networkConnectionEnabled=false, chrome={chromedriverVersion=2.31.488763 (092de99f48a300323ecf8c2a4e2e7cab51de5ba8), userDataDir=C:\Users\lenovo\AppData\Local\Temp\scoped_dir11096_19748}, takesHeapSnapshot=true, pageLoadStrategy=normal, databaseEnabled=false, handlesAlerts=true, hasTouchScreen=false, version=61.0.3163.100, platform=XP, browserConnectionEnabled=false, nativeEvents=true, acceptSslCerts=true, locationContextEnabled=true, webStorageEnabled=true, browserName=chrome, takesScreenshot=true, javascriptEnabled=true, cssSelectorsEnabled=true, setWindowRect=true, unexpectedAlertBehaviour=}]
Session ID: 5111fa34bd3c24533fb2baa26a8c10b4">
      <![CDATA[org.openqa.selenium.WebDriverException: chrome not reachable
  (Session info: chrome=61.0.3163.100)
  (Driver info: chromedriver=2.31.488763 (092de99f48a300323ecf8c2a4e2e7cab51de5ba8),platform=Windows NT 10.0.15063 x86_64) (WARNING: The server did not provide any stacktrace information)
Command duration or timeout: 2.02 seconds
Build info: version: '2.53.0', revision: '35ae25b', time: '2016-03-15 17:01:03'
System info: host: 'VENKAT', ip: '192.168.115.1', os.name: 'Windows 10', os.arch: 'amd64', os.version: '10.0', java.version: '1.8.0_111'
Driver info: org.openqa.selenium.remote.RemoteWebDriver
Capabilities [{applicationCacheEnabled=false, rotatable=false, mobileEmulationEnabled=false, networkConnectionEnabled=false, chrome={chromedriverVersion=2.31.488763 (092de99f48a300323ecf8c2a4e2e7cab51de5ba8), userDataDir=C:\Users\lenovo\AppData\Local\Temp\scoped_dir11096_19748}, takesHeapSnapshot=true, pageLoadStrategy=normal, databaseEnabled=false, handlesAlerts=true, hasTouchScreen=false, version=61.0.3163.100, platform=XP, browserConnectionEnabled=false, nativeEvents=true, acceptSslCerts=true, locationContextEnabled=true, webStorageEnabled=true, browserName=chrome, takesScreenshot=true, javascriptEnabled=true, cssSelectorsEnabled=true, setWindowRect=true, unexpectedAlertBehaviour=}]
Session ID: 5111fa34bd3c24533fb2baa26a8c10b4
	at org.openqa.selenium.remote.ErrorHandler.createThrowable(ErrorHandler.java:206)
	at org.openqa.selenium.remote.ErrorHandler.throwIfResponseFailed(ErrorHandler.java:158)
	at org.openqa.selenium.remote.RemoteWebDriver.execute(RemoteWebDriver.java:678)
	at org.openqa.selenium.remote.RemoteWebDriver.execute(RemoteWebDriver.java:701)
	at org.openqa.selenium.remote.RemoteWebDriver.close(RemoteWebDriver.java:521)
	at com.PHPTravels.generic.BaseTest.closeApplication(BaseTest.java:40)
	at java.util.concurrent.FutureTask.run(Unknown Source)
	at java.util.concurrent.ThreadPoolExecutor.runWorker(Unknown Source)
	at java.util.concurrent.ThreadPoolExecutor$Worker.run(Unknown Source)
	at java.lang.Thread.run(Unknown Source)
... Removed 22 stack frames]]>
    </failure>
  </testcase> <!-- @AfterMethod closeApplication -->
  <testcase name="@BeforeMethod openApplication" time="0.0" classname="com.PHPTravels.script.Accounts.Customers.UpdateCustomerUser">
    <skipped/>
  </testcase> <!-- @BeforeMethod openApplication -->
  <testcase name="@AfterMethod closeApplication" time="0.0" classname="com.PHPTravels.script.Accounts.Customers.UpdateCustomerUser">
    <skipped/>
  </testcase> <!-- @AfterMethod closeApplication -->
  <testcase name="@BeforeMethod openApplication" time="0.0" classname="com.PHPTravels.script.Accounts.Customers.DeleteCustomerUser">
    <skipped/>
  </testcase> <!-- @BeforeMethod openApplication -->
  <testcase name="@AfterMethod closeApplication" time="0.0" classname="com.PHPTravels.script.Accounts.Customers.DeleteCustomerUser">
    <skipped/>
  </testcase> <!-- @AfterMethod closeApplication -->
  <testcase name="testCreateCustomerUser" time="0.062" classname="com.PHPTravels.script.Accounts.Customers.CreateCustomerUser">
    <failure type="java.lang.NoClassDefFoundError" message="org/apache/poi/ss/usermodel/WorkbookFactory">
      <![CDATA[java.lang.NoClassDefFoundError: org/apache/poi/ss/usermodel/WorkbookFactory
	at com.PHPTravels.generic.Lib.getCellValue(Lib.java:24)
	at com.PHPTravels.script.Accounts.Customers.CreateCustomerUser.testCreateCustomerUser(CreateCustomerUser.java:16)
	at java.util.concurrent.FutureTask.run(Unknown Source)
	at java.util.concurrent.ThreadPoolExecutor.runWorker(Unknown Source)
	at java.util.concurrent.ThreadPoolExecutor$Worker.run(Unknown Source)
	at java.lang.Thread.run(Unknown Source)
Caused by: java.lang.ClassNotFoundException: org.apache.poi.ss.usermodel.WorkbookFactory
	at java.net.URLClassLoader.findClass(Unknown Source)
	at java.lang.ClassLoader.loadClass(Unknown Source)
	at sun.misc.Launcher$AppClassLoader.loadClass(Unknown Source)
	at java.lang.ClassLoader.loadClass(Unknown Source)
	... 22 more
... Removed 16 stack frames]]>
    </failure>
  </testcase> <!-- testCreateCustomerUser -->
  <testcase name="testUpdateCustomerUser" time="0.0" classname="com.PHPTravels.script.Accounts.Customers.UpdateCustomerUser">
    <skipped/>
  </testcase> <!-- testUpdateCustomerUser -->
  <testcase name="testDeleteCustomerUser" time="0.001" classname="com.PHPTravels.script.Accounts.Customers.DeleteCustomerUser">
    <skipped/>
  </testcase> <!-- testDeleteCustomerUser -->
</testsuite> <!-- TestChrome -->
