<?xml version="1.0" encoding="UTF-8"?>
<testng-results skipped="2" failed="1" total="3" passed="0">
  <reporter-output>
  </reporter-output>
  <suite name="Suite" duration-ms="302736" started-at="2017-10-21T09:52:34Z" finished-at="2017-10-21T09:57:37Z">
    <groups>
    </groups>
    <test name="TestChrome" duration-ms="302736" started-at="2017-10-21T09:52:34Z" finished-at="2017-10-21T09:57:37Z">
      <class name="com.PHPTravels.script.Accounts.Customers.UpdateCustomerUser">
        <test-method status="SKIP" signature="testUpdateCustomerUser()[pri:7, instance:com.PHPTravels.script.Accounts.Customers.UpdateCustomerUser@5ba23b66]" name="testUpdateCustomerUser" duration-ms="0" started-at="2017-10-21T15:27:37Z" finished-at="2017-10-21T15:27:37Z">
          <reporter-output>
          </reporter-output>
        </test-method> <!-- testUpdateCustomerUser -->
        <test-method status="SKIP" signature="closeApplication()[pri:0, instance:com.PHPTravels.script.Accounts.Customers.UpdateCustomerUser@5ba23b66]" name="closeApplication" is-config="true" duration-ms="0" started-at="2017-10-21T15:27:37Z" finished-at="2017-10-21T15:27:37Z">
          <reporter-output>
          </reporter-output>
        </test-method> <!-- closeApplication -->
        <test-method status="SKIP" signature="openApplication(java.lang.String, java.lang.String)[pri:0, instance:com.PHPTravels.script.Accounts.Customers.UpdateCustomerUser@5ba23b66]" name="openApplication" is-config="true" duration-ms="0" started-at="2017-10-21T15:27:37Z" finished-at="2017-10-21T15:27:37Z">
          <reporter-output>
          </reporter-output>
        </test-method> <!-- openApplication -->
      </class> <!-- com.PHPTravels.script.Accounts.Customers.UpdateCustomerUser -->
      <class name="com.PHPTravels.script.Accounts.Customers.CreateCustomerUser">
        <test-method status="PASS" signature="openApplication(java.lang.String, java.lang.String)[pri:0, instance:com.PHPTravels.script.Accounts.Customers.CreateCustomerUser@7e0babb1]" name="openApplication" is-config="true" duration-ms="300522" started-at="2017-10-21T15:22:34Z" finished-at="2017-10-21T15:27:35Z">
          <params>
            <param index="0">
              <value>
                <![CDATA[http://192.168.58.1:4444/wd/hub]]>
              </value>
            </param>
            <param index="1">
              <value>
                <![CDATA[chrome]]>
              </value>
            </param>
          </params>
          <reporter-output>
          </reporter-output>
        </test-method> <!-- openApplication -->
        <test-method status="FAIL" signature="testCreateCustomerUser()[pri:6, instance:com.PHPTravels.script.Accounts.Customers.CreateCustomerUser@7e0babb1]" name="testCreateCustomerUser" duration-ms="62" started-at="2017-10-21T15:27:35Z" finished-at="2017-10-21T15:27:35Z">
          <exception class="java.lang.NoClassDefFoundError">
            <message>
              <![CDATA[org/apache/poi/ss/usermodel/WorkbookFactory]]>
            </message>
            <full-stacktrace>
              <![CDATA[java.lang.NoClassDefFoundError: org/apache/poi/ss/usermodel/WorkbookFactory
	at com.PHPTravels.generic.Lib.getCellValue(Lib.java:24)
	at com.PHPTravels.script.Accounts.Customers.CreateCustomerUser.testCreateCustomerUser(CreateCustomerUser.java:16)
	at sun.reflect.NativeMethodAccessorImpl.invoke0(Native Method)
	at sun.reflect.NativeMethodAccessorImpl.invoke(Unknown Source)
	at sun.reflect.DelegatingMethodAccessorImpl.invoke(Unknown Source)
	at java.lang.reflect.Method.invoke(Unknown Source)
	at org.testng.internal.MethodInvocationHelper.invokeMethod(MethodInvocationHelper.java:85)
	at org.testng.internal.Invoker.invokeMethod(Invoker.java:639)
	at org.testng.internal.Invoker.invokeTestMethod(Invoker.java:816)
	at org.testng.internal.Invoker.invokeTestMethods(Invoker.java:1124)
	at org.testng.internal.TestMethodWorker.invokeTestMethods(TestMethodWorker.java:125)
	at org.testng.internal.TestMethodWorker.run(TestMethodWorker.java:108)
	at org.testng.TestRunner.privateRun(TestRunner.java:774)
	at org.testng.TestRunner.run(TestRunner.java:624)
	at org.testng.SuiteRunner.runTest(SuiteRunner.java:359)
	at org.testng.SuiteRunner.access$000(SuiteRunner.java:39)
	at org.testng.SuiteRunner$SuiteWorker.run(SuiteRunner.java:393)
	at org.testng.internal.thread.ThreadUtil$2.call(ThreadUtil.java:64)
	at java.util.concurrent.FutureTask.run(Unknown Source)
	at java.util.concurrent.ThreadPoolExecutor.runWorker(Unknown Source)
	at java.util.concurrent.ThreadPoolExecutor$Worker.run(Unknown Source)
	at java.lang.Thread.run(Unknown Source)
Caused by: java.lang.ClassNotFoundException: org.apache.poi.ss.usermodel.WorkbookFactory
	at java.net.URLClassLoader.findClass(Unknown Source)
	at java.lang.ClassLoader.loadClass(Unknown Source)
	at sun.misc.Launcher$AppClassLoader.loadClass(Unknown Source)
	at java.lang.ClassLoader.loadClass(Unknown Source)
	... 22 more
]]>
            </full-stacktrace>
          </exception> <!-- java.lang.NoClassDefFoundError -->
          <reporter-output>
          </reporter-output>
        </test-method> <!-- testCreateCustomerUser -->
        <test-method status="FAIL" signature="closeApplication()[pri:0, instance:com.PHPTravels.script.Accounts.Customers.CreateCustomerUser@7e0babb1]" name="closeApplication" is-config="true" duration-ms="0" started-at="2017-10-21T15:27:35Z" finished-at="2017-10-21T15:27:35Z">
          <exception class="org.openqa.selenium.WebDriverException">
            <message>
              <![CDATA[chrome not reachable
  (Session info: chrome=61.0.3163.100)
  (Driver info: chromedriver=2.31.488763 (092de99f48a300323ecf8c2a4e2e7cab51de5ba8),platform=Windows NT 10.0.15063 x86_64) (WARNING: The server did not provide any stacktrace information)
Command duration or timeout: 2.02 seconds
Build info: version: '2.53.0', revision: '35ae25b', time: '2016-03-15 17:01:03'
System info: host: 'VENKAT', ip: '192.168.115.1', os.name: 'Windows 10', os.arch: 'amd64', os.version: '10.0', java.version: '1.8.0_111'
Driver info: org.openqa.selenium.remote.RemoteWebDriver
Capabilities [{applicationCacheEnabled=false, rotatable=false, mobileEmulationEnabled=false, networkConnectionEnabled=false, chrome={chromedriverVersion=2.31.488763 (092de99f48a300323ecf8c2a4e2e7cab51de5ba8), userDataDir=C:\Users\lenovo\AppData\Local\Temp\scoped_dir11096_19748}, takesHeapSnapshot=true, pageLoadStrategy=normal, databaseEnabled=false, handlesAlerts=true, hasTouchScreen=false, version=61.0.3163.100, platform=XP, browserConnectionEnabled=false, nativeEvents=true, acceptSslCerts=true, locationContextEnabled=true, webStorageEnabled=true, browserName=chrome, takesScreenshot=true, javascriptEnabled=true, cssSelectorsEnabled=true, setWindowRect=true, unexpectedAlertBehaviour=}]
Session ID: 5111fa34bd3c24533fb2baa26a8c10b4]]>
            </message>
            <full-stacktrace>
              <![CDATA[org.openqa.selenium.WebDriverException: chrome not reachable
  (Session info: chrome=61.0.3163.100)
  (Driver info: chromedriver=2.31.488763 (092de99f48a300323ecf8c2a4e2e7cab51de5ba8),platform=Windows NT 10.0.15063 x86_64) (WARNING: The server did not provide any stacktrace information)
Command duration or timeout: 2.02 seconds
Build info: version: '2.53.0', revision: '35ae25b', time: '2016-03-15 17:01:03'
System info: host: 'VENKAT', ip: '192.168.115.1', os.name: 'Windows 10', os.arch: 'amd64', os.version: '10.0', java.version: '1.8.0_111'
Driver info: org.openqa.selenium.remote.RemoteWebDriver
Capabilities [{applicationCacheEnabled=false, rotatable=false, mobileEmulationEnabled=false, networkConnectionEnabled=false, chrome={chromedriverVersion=2.31.488763 (092de99f48a300323ecf8c2a4e2e7cab51de5ba8), userDataDir=C:\Users\lenovo\AppData\Local\Temp\scoped_dir11096_19748}, takesHeapSnapshot=true, pageLoadStrategy=normal, databaseEnabled=false, handlesAlerts=true, hasTouchScreen=false, version=61.0.3163.100, platform=XP, browserConnectionEnabled=false, nativeEvents=true, acceptSslCerts=true, locationContextEnabled=true, webStorageEnabled=true, browserName=chrome, takesScreenshot=true, javascriptEnabled=true, cssSelectorsEnabled=true, setWindowRect=true, unexpectedAlertBehaviour=}]
Session ID: 5111fa34bd3c24533fb2baa26a8c10b4
	at sun.reflect.NativeConstructorAccessorImpl.newInstance0(Native Method)
	at sun.reflect.NativeConstructorAccessorImpl.newInstance(Unknown Source)
	at sun.reflect.DelegatingConstructorAccessorImpl.newInstance(Unknown Source)
	at java.lang.reflect.Constructor.newInstance(Unknown Source)
	at org.openqa.selenium.remote.ErrorHandler.createThrowable(ErrorHandler.java:206)
	at org.openqa.selenium.remote.ErrorHandler.throwIfResponseFailed(ErrorHandler.java:158)
	at org.openqa.selenium.remote.RemoteWebDriver.execute(RemoteWebDriver.java:678)
	at org.openqa.selenium.remote.RemoteWebDriver.execute(RemoteWebDriver.java:701)
	at org.openqa.selenium.remote.RemoteWebDriver.close(RemoteWebDriver.java:521)
	at com.PHPTravels.generic.BaseTest.closeApplication(BaseTest.java:40)
	at sun.reflect.NativeMethodAccessorImpl.invoke0(Native Method)
	at sun.reflect.NativeMethodAccessorImpl.invoke(Unknown Source)
	at sun.reflect.DelegatingMethodAccessorImpl.invoke(Unknown Source)
	at java.lang.reflect.Method.invoke(Unknown Source)
	at org.testng.internal.MethodInvocationHelper.invokeMethod(MethodInvocationHelper.java:85)
	at org.testng.internal.Invoker.invokeConfigurationMethod(Invoker.java:510)
	at org.testng.internal.Invoker.invokeConfigurations(Invoker.java:211)
	at org.testng.internal.Invoker.invokeMethod(Invoker.java:703)
	at org.testng.internal.Invoker.invokeTestMethod(Invoker.java:816)
	at org.testng.internal.Invoker.invokeTestMethods(Invoker.java:1124)
	at org.testng.internal.TestMethodWorker.invokeTestMethods(TestMethodWorker.java:125)
	at org.testng.internal.TestMethodWorker.run(TestMethodWorker.java:108)
	at org.testng.TestRunner.privateRun(TestRunner.java:774)
	at org.testng.TestRunner.run(TestRunner.java:624)
	at org.testng.SuiteRunner.runTest(SuiteRunner.java:359)
	at org.testng.SuiteRunner.access$000(SuiteRunner.java:39)
	at org.testng.SuiteRunner$SuiteWorker.run(SuiteRunner.java:393)
	at org.testng.internal.thread.ThreadUtil$2.call(ThreadUtil.java:64)
	at java.util.concurrent.FutureTask.run(Unknown Source)
	at java.util.concurrent.ThreadPoolExecutor.runWorker(Unknown Source)
	at java.util.concurrent.ThreadPoolExecutor$Worker.run(Unknown Source)
	at java.lang.Thread.run(Unknown Source)
]]>
            </full-stacktrace>
          </exception> <!-- org.openqa.selenium.WebDriverException -->
          <reporter-output>
          </reporter-output>
        </test-method> <!-- closeApplication -->
      </class> <!-- com.PHPTravels.script.Accounts.Customers.CreateCustomerUser -->
      <class name="com.PHPTravels.script.Accounts.Customers.DeleteCustomerUser">
        <test-method status="SKIP" signature="testDeleteCustomerUser()[pri:8, instance:com.PHPTravels.script.Accounts.Customers.DeleteCustomerUser@6debcae2]" name="testDeleteCustomerUser" duration-ms="1" started-at="2017-10-21T15:27:37Z" finished-at="2017-10-21T15:27:37Z">
          <reporter-output>
          </reporter-output>
        </test-method> <!-- testDeleteCustomerUser -->
        <test-method status="SKIP" signature="openApplication(java.lang.String, java.lang.String)[pri:0, instance:com.PHPTravels.script.Accounts.Customers.DeleteCustomerUser@6debcae2]" name="openApplication" is-config="true" duration-ms="0" started-at="2017-10-21T15:27:37Z" finished-at="2017-10-21T15:27:37Z">
          <reporter-output>
          </reporter-output>
        </test-method> <!-- openApplication -->
        <test-method status="SKIP" signature="closeApplication()[pri:0, instance:com.PHPTravels.script.Accounts.Customers.DeleteCustomerUser@6debcae2]" name="closeApplication" is-config="true" duration-ms="0" started-at="2017-10-21T15:27:37Z" finished-at="2017-10-21T15:27:37Z">
          <reporter-output>
          </reporter-output>
        </test-method> <!-- closeApplication -->
      </class> <!-- com.PHPTravels.script.Accounts.Customers.DeleteCustomerUser -->
    </test> <!-- TestChrome -->
  </suite> <!-- Suite -->
</testng-results>
